<?xml version="1.0" encoding="UTF-8"?>
<!-- Generated by org.testng.reporters.JUnitReportReporter -->
<testsuite skipped="0" hostname="DESKTOP-BN3PUO8" name="tests.rest.TC003_CreateChangeRequest" tests="1" failures="0" timestamp="2023-03-26T17:39:45 IST" time="4.788" errors="0">
  <testcase name="createCR" time="4.788" classname="tests.rest.TC003_CreateChangeRequest"/>
  <system-out/>
</testsuite> <!-- tests.rest.TC003_CreateChangeRequest -->
