<?xml version="1.0" encoding="UTF-8"?>
<!-- Generated by org.testng.reporters.JUnitReportReporter -->
<testsuite skipped="0" hostname="DESKTOP-BN3PUO8" name="tests.rest.TC001_CreateIncident" tests="1" failures="0" timestamp="2023-03-26T17:39:45 IST" time="8.832" errors="0">
  <testcase name="createIncident" time="8.832" classname="tests.rest.TC001_CreateIncident"/>
  <system-out/>
</testsuite> <!-- tests.rest.TC001_CreateIncident -->
