<?xml version="1.0" encoding="UTF-8"?>
<!-- Generated by org.testng.reporters.JUnitReportReporter -->
<testsuite hostname="DESKTOP-BN3PUO8" failures="0" tests="1" name="tests.rest.TC001_CreateIncident" time="7.677" errors="0" timestamp="2023-06-04T17:08:22 IST" skipped="0">
  <testcase classname="tests.rest.TC001_CreateIncident" name="createIncident" time="7.677"/>
  <system-out/>
</testsuite> <!-- tests.rest.TC001_CreateIncident -->
