<?xml version="1.0" encoding="UTF-8"?>
<!-- Generated by org.testng.reporters.JUnitReportReporter -->
<testsuite hostname="DESKTOP-BN3PUO8" failures="0" tests="3" name="services.IncidentTests" time="17.107" errors="0" timestamp="2022-11-02T16:37:21 IST" skipped="0">
  <testcase classname="services.IncidentTests" name="createIncident" time="7.191"/>
  <system-out/>
  <testcase classname="services.IncidentTests" name="getIncidents" time="6.409"/>
  <system-out/>
  <testcase classname="services.IncidentTests" name="updateIncident" time="3.507"/>
  <system-out/>
</testsuite> <!-- services.IncidentTests -->
