<?xml version="1.0" encoding="UTF-8"?>
<!-- Generated by org.testng.reporters.JUnitReportReporter -->
<testsuite skipped="0" hostname="DESKTOP-82G9DU9" name="testcases.VerifyLoginTest" tests="1" failures="0" timestamp="2023-03-28T17:41:00 IST" time="6.550" errors="0">
  <testcase name="runVerifyCreateLead" time="6.550" classname="testcases.VerifyLoginTest"/>
  <system-out/>
</testsuite> <!-- testcases.VerifyLoginTest -->
