<?xml version="1.0" encoding="UTF-8"?>
<!-- Generated by org.testng.reporters.JUnitReportReporter -->
<testsuite skipped="0" hostname="DESKTOP-82G9DU9" name="week3day1.GenerateDynamicData" tests="1" failures="0" timestamp="2023-06-24T22:28:16 IST" time="0.287" errors="0">
  <testcase name="generateData" time="0.287" classname="week3day1.GenerateDynamicData"/>
  <system-out/>
</testsuite> <!-- week3day1.GenerateDynamicData -->
