<?xml version="1.0" encoding="UTF-8"?>
<!-- Generated by org.testng.reporters.JUnitReportReporter -->
<testsuite skipped="0" hostname="DESKTOP-82G9DU9" name="week3day1.GetIncidentsWithQPS" tests="1" failures="0" timestamp="2023-06-25T23:31:51 IST" time="9.951" errors="0">
  <testcase name="getIncident" time="9.951" classname="week3day1.GetIncidentsWithQPS"/>
  <system-out/>
</testsuite> <!-- week3day1.GetIncidentsWithQPS -->
