<?xml version="1.0" encoding="UTF-8"?>
<!-- Generated by org.testng.reporters.JUnitReportReporter -->
<testsuite skipped="0" hostname="DESKTOP-82G9DU9" name="week3day1.DeleteIssue" tests="1" failures="0" timestamp="2023-06-25T23:03:12 IST" time="4.528" errors="0">
  <testcase name="delete" time="4.528" classname="week3day1.DeleteIssue"/>
  <system-out/>
</testsuite> <!-- week3day1.DeleteIssue -->
