<?xml version="1.0" encoding="UTF-8"?>
<!-- Generated by org.testng.reporters.JUnitReportReporter -->
<testsuite skipped="0" hostname="DESKTOP-82G9DU9" name="week3day1.CreateIncidentWithoutBody" tests="1" failures="0" timestamp="2023-06-24T16:48:15 IST" time="11.030" errors="0">
  <testcase name="createIncident" time="11.030" classname="week3day1.CreateIncidentWithoutBody"/>
  <system-out/>
</testsuite> <!-- week3day1.CreateIncidentWithoutBody -->
