<?xml version="1.0" encoding="UTF-8"?>
<!-- Generated by org.testng.reporters.JUnitReportReporter -->
<testsuite skipped="0" hostname="DESKTOP-82G9DU9" name="week3day1.CreateIssueInJIRA" tests="1" failures="0" timestamp="2023-06-25T00:15:49 IST" time="4.023" errors="0">
  <testcase name="issue" time="4.023" classname="week3day1.CreateIssueInJIRA"/>
  <system-out/>
</testsuite> <!-- week3day1.CreateIssueInJIRA -->
