<?xml version="1.0" encoding="UTF-8"?>
<!-- Generated by org.testng.reporters.JUnitReportReporter -->
<testsuite skipped="0" hostname="DESKTOP-82G9DU9" name="week3day2JIRA.CreateIssue" tests="1" failures="0" timestamp="2023-06-26T23:22:52 IST" time="6.548" errors="0">
  <testcase name="issue" time="6.548" classname="week3day2JIRA.CreateIssue"/>
  <system-out/>
</testsuite> <!-- week3day2JIRA.CreateIssue -->
