<?xml version="1.0" encoding="UTF-8"?>
<!-- Generated by org.testng.reporters.JUnitReportReporter -->
<testsuite skipped="0" hostname="DESKTOP-82G9DU9" name="week3day1.GetIncidentsWithQP" tests="1" failures="0" timestamp="2023-06-25T00:38:35 IST" time="8.913" errors="0">
  <testcase name="getIncident" time="8.913" classname="week3day1.GetIncidentsWithQP"/>
  <system-out/>
</testsuite> <!-- week3day1.GetIncidentsWithQP -->
