<?xml version="1.0" encoding="UTF-8"?>
<!-- Generated by org.testng.reporters.JUnitReportReporter -->
<testsuite skipped="0" hostname="DESKTOP-82G9DU9" name="week3day1.CreateIssue" tests="1" failures="0" timestamp="2023-06-25T22:42:11 IST" time="4.699" errors="0">
  <testcase name="issue" time="4.699" classname="week3day1.CreateIssue"/>
  <system-out/>
</testsuite> <!-- week3day1.CreateIssue -->
