<?xml version="1.0" encoding="UTF-8"?>
<!-- Generated by org.testng.reporters.JUnitReportReporter -->
<testsuite skipped="0" hostname="DESKTOP-82G9DU9" name="week3day2JIRA.SearchIssue" tests="1" failures="0" timestamp="2023-06-26T23:22:52 IST" time="1.143" errors="0">
  <testcase name="search" time="1.143" classname="week3day2JIRA.SearchIssue"/>
  <system-out/>
</testsuite> <!-- week3day2JIRA.SearchIssue -->
