<?xml version="1.0" encoding="UTF-8"?>
<!-- Generated by org.testng.reporters.JUnitReportReporter -->
<testsuite skipped="0" hostname="DESKTOP-82G9DU9" name="week3day2.CreateIssue" tests="1" failures="0" timestamp="2023-06-25T12:24:50 IST" time="0.379" errors="0">
  <testcase name="create" time="0.379" classname="week3day2.CreateIssue"/>
  <system-out/>
</testsuite> <!-- week3day2.CreateIssue -->
