<?xml version="1.0" encoding="UTF-8"?>
<!-- Generated by org.testng.reporters.JUnitReportReporter -->
<testsuite skipped="0" hostname="DESKTOP-82G9DU9" name="testcases.CreateLeadTest" tests="1" failures="0" timestamp="2023-04-01T12:42:42 IST" time="14.627" errors="0">
  <testcase name="runVerifyCreateLead" time="14.627" classname="testcases.CreateLeadTest"/>
  <system-out/>
</testsuite> <!-- testcases.CreateLeadTest -->
