<?xml version="1.0" encoding="UTF-8"?>
<!-- Generated by org.testng.reporters.JUnitReportReporter -->
<testsuite skipped="0" hostname="DESKTOP-82G9DU9" name="testcases.DuplicateLeadTest" tests="1" failures="0" timestamp="2023-03-30T22:45:33 IST" time="29.095" errors="0">
  <testcase name="runVerifyDuplicateLead" time="29.095" classname="testcases.DuplicateLeadTest"/>
  <system-out/>
</testsuite> <!-- testcases.DuplicateLeadTest -->
