<?xml version="1.0" encoding="UTF-8"?>
<!-- Generated by org.testng.reporters.JUnitReportReporter -->
<testsuite skipped="0" hostname="DESKTOP-82G9DU9" name="testcases.MergeLeadTest" tests="1" failures="0" timestamp="2023-03-30T22:46:43 IST" time="20.169" errors="0">
  <testcase name="runVerifyMergeLead" time="20.169" classname="testcases.MergeLeadTest"/>
  <system-out/>
</testsuite> <!-- testcases.MergeLeadTest -->
