<?xml version="1.0" encoding="UTF-8"?>
<!-- Generated by org.testng.reporters.JUnitReportReporter -->
<testsuite skipped="0" hostname="DESKTOP-82G9DU9" name="testcases.DeleteLeadTest" tests="1" failures="0" timestamp="2023-03-30T22:44:53 IST" time="21.195" errors="0">
  <testcase name="runVerifyDeleteLead" time="21.195" classname="testcases.DeleteLeadTest"/>
  <system-out/>
</testsuite> <!-- testcases.DeleteLeadTest -->
