<?xml version="1.0" encoding="UTF-8"?>
<!-- Generated by org.testng.reporters.JUnitReportReporter -->
<testsuite skipped="0" hostname="DESKTOP-82G9DU9" name="testcases.EditLeadTest" tests="1" failures="0" timestamp="2023-04-01T12:42:42 IST" time="16.775" errors="0">
  <testcase name="runVerifyEditLead" time="16.775" classname="testcases.EditLeadTest"/>
  <system-out/>
</testsuite> <!-- testcases.EditLeadTest -->
