<?xml version="1.0" encoding="UTF-8"?>
<!-- Generated by org.testng.reporters.JUnitReportReporter -->
<testsuite skipped="0" hostname="DESKTOP-82G9DU9" name="com.leafBot.testcases.TC003_CreateLead" tests="2" failures="0" timestamp="2023-04-02T11:30:03 IST" time="55.908" errors="0">
  <testcase name="createLead" time="25.177" classname="com.leafBot.testcases.TC003_CreateLead"/>
  <system-out/>
  <testcase name="createLead" time="30.731" classname="com.leafBot.testcases.TC003_CreateLead"/>
  <system-out/>
</testsuite> <!-- com.leafBot.testcases.TC003_CreateLead -->
