<?xml version="1.0" encoding="UTF-8"?>
<!-- Generated by org.testng.reporters.JUnitReportReporter -->
<testsuite skipped="0" hostname="DESKTOP-82G9DU9" name="com.leafBot.testcases.TC001_LoginLogOut" tests="1" failures="0" timestamp="2023-04-02T11:30:03 IST" time="11.221" errors="0">
  <testcase name="runVerifyLogin" time="11.221" classname="com.leafBot.testcases.TC001_LoginLogOut"/>
  <system-out/>
</testsuite> <!-- com.leafBot.testcases.TC001_LoginLogOut -->
