<?xml version="1.0" encoding="UTF-8"?>
<!-- Generated by org.testng.reporters.JUnitReportReporter -->
<testsuite hostname="DESKTOP-BN3PUO8" failures="0" tests="5" name="runner.RunTests" time="30.085" errors="0" timestamp="2023-06-24T12:19:00 IST" skipped="0">
  <testcase classname="runner.RunTests" name="runScenario" time="4.625"/>
  <system-out/>
  <testcase classname="runner.RunTests" name="runScenario" time="3.435"/>
  <system-out/>
  <testcase classname="runner.RunTests" name="runScenario" time="4.005"/>
  <system-out/>
  <testcase classname="runner.RunTests" name="runScenario" time="3.475"/>
  <system-out/>
  <testcase classname="runner.RunTests" name="runScenario" time="14.545"/>
  <system-out/>
</testsuite> <!-- runner.RunTests -->
